# JRE version: OpenJDK Runtime Environment Temurin-21.0.7+6 (21.0.7+6) (build 21.0.7+6-LTS)
# Java VM: OpenJDK 64-Bit Server VM Temurin-21.0.7+6 (21.0.7+6-LTS, mixed mode, sharing, tiered, compressed oops, compressed class ptrs, parallel gc, windows-amd64)
GC Precious Log:
 CardTable entry size: 512
 CPUs: 4 total, 4 available
 Memory: 7558M
 Large Page Support: Disabled
 NUMA Support: Disabled
 Compressed Oops: Enabled (32-bit)
 Alignments: Space 512K, Generation 512K, Heap 2M
 Heap Min Capacity: 100M
 Heap Initial Capacity: 100M
 Heap Max Capacity: 1G
 Pre-touch: Disabled
 Parallel Workers: 4
Heap:
 PSYoungGen      total 2048K, used 1887K [0x00000000eab00000, 0x00000000eaf00000, 0x0000000100000000)
  eden space 1536K, 99% used [0x00000000eab00000,0x00000000eac7ffe8,0x00000000eac80000)
  from space 512K, 68% used [0x00000000eae80000,0x00000000eaed8000,0x00000000eaf00000)
  to   space 1024K, 0% used [0x00000000ead00000,0x00000000ead00000,0x00000000eae00000)
 ParOldGen       total 327168K, used 326850K [0x00000000c0000000, 0x00000000d3f80000, 0x00000000eab00000)
  object space 327168K, 99% used [0x00000000c0000000,0x00000000d3f30a30,0x00000000d3f80000)
 Metaspace       used 70719K, committed 72256K, reserved 1114112K
  class space    used 6930K, committed 7616K, reserved 1048576K
GC Heap History (20 events):
Event: 12389.038 GC heap before
{Heap before GC invocations=1394 (full 4):
 PSYoungGen      total 2048K, used 1888K [0x00000000eab00000, 0x00000000eaf00000, 0x0000000100000000)
  eden space 1536K, 100% used [0x00000000eab00000,0x00000000eac80000,0x00000000eac80000)
  from space 512K, 68% used [0x00000000eae80000,0x00000000eaed8020,0x00000000eaf00000)
  to   space 512K, 0% used [0x00000000eae00000,0x00000000eae00000,0x00000000eae80000)
 ParOldGen       total 324096K, used 323978K [0x00000000c0000000, 0x00000000d3c80000, 0x00000000eab00000)
  object space 324096K, 99% used [0x00000000c0000000,0x00000000d3c62b98,0x00000000d3c80000)
 Metaspace       used 70605K, committed 72192K, reserved 1114112K
  class space    used 6921K, committed 7616K, reserved 1048576K
}
Event: 12389.042 GC heap after
{Heap after GC invocations=1394 (full 4):
 PSYoungGen      total 2048K, used 256K [0x00000000eab00000, 0x00000000eaf00000, 0x0000000100000000)
  eden space 1536K, 0% used [0x00000000eab00000,0x00000000eab00000,0x00000000eac80000)
  from space 512K, 50% used [0x00000000eae00000,0x00000000eae40000,0x00000000eae80000)
  to   space 512K, 0% used [0x00000000eae80000,0x00000000eae80000,0x00000000eaf00000)
 ParOldGen       total 324608K, used 324250K [0x00000000c0000000, 0x00000000d3d00000, 0x00000000eab00000)
  object space 324608K, 99% used [0x00000000c0000000,0x00000000d3ca6bb8,0x00000000d3d00000)
 Metaspace       used 70605K, committed 72192K, reserved 1114112K
  class space    used 6921K, committed 7616K, reserved 1048576K
}
Event: 12389.537 GC heap before
{Heap before GC invocations=1395 (full 4):
 PSYoungGen      total 2048K, used 1758K [0x00000000eab00000, 0x00000000eaf00000, 0x0000000100000000)
  eden space 1536K, 97% used [0x00000000eab00000,0x00000000eac77a18,0x00000000eac80000)
  from space 512K, 50% used [0x00000000eae00000,0x00000000eae40000,0x00000000eae80000)
  to   space 512K, 0% used [0x00000000eae80000,0x00000000eae80000,0x00000000eaf00000)
 ParOldGen       total 324608K, used 324250K [0x00000000c0000000, 0x00000000d3d00000, 0x00000000eab00000)
  object space 324608K, 99% used [0x00000000c0000000,0x00000000d3ca6bb8,0x00000000d3d00000)
 Metaspace       used 70623K, committed 72192K, reserved 1114112K
  class space    used 6924K, committed 7616K, reserved 1048576K
}
Event: 12389.542 GC heap after
{Heap after GC invocations=1395 (full 4):
 PSYoungGen      total 2048K, used 288K [0x00000000eab00000, 0x00000000eaf00000, 0x0000000100000000)
  eden space 1536K, 0% used [0x00000000eab00000,0x00000000eab00000,0x00000000eac80000)
  from space 512K, 56% used [0x00000000eae80000,0x00000000eaec8000,0x00000000eaf00000)
  to   space 512K, 0% used [0x00000000eae00000,0x00000000eae00000,0x00000000eae80000)
 ParOldGen       total 324608K, used 324434K [0x00000000c0000000, 0x00000000d3d00000, 0x00000000eab00000)
  object space 324608K, 99% used [0x00000000c0000000,0x00000000d3cd4bb8,0x00000000d3d00000)
 Metaspace       used 70623K, committed 72192K, reserved 1114112K
  class space    used 6924K, committed 7616K, reserved 1048576K
}
Event: 12389.628 GC heap before
{Heap before GC invocations=1396 (full 4):
 PSYoungGen      total 2048K, used 1824K [0x00000000eab00000, 0x00000000eaf00000, 0x0000000100000000)
  eden space 1536K, 100% used [0x00000000eab00000,0x00000000eac80000,0x00000000eac80000)
  from space 512K, 56% used [0x00000000eae80000,0x00000000eaec8000,0x00000000eaf00000)
  to   space 512K, 0% used [0x00000000eae00000,0x00000000eae00000,0x00000000eae80000)
 ParOldGen       total 324608K, used 324434K [0x00000000c0000000, 0x00000000d3d00000, 0x00000000eab00000)
  object space 324608K, 99% used [0x00000000c0000000,0x00000000d3cd4bb8,0x00000000d3d00000)
 Metaspace       used 70651K, committed 72192K, reserved 1114112K
  class space    used 6925K, committed 7616K, reserved 1048576K
}
Event: 12389.630 GC heap after
{Heap after GC invocations=1396 (full 4):
 PSYoungGen      total 2048K, used 352K [0x00000000eab00000, 0x00000000eaf00000, 0x0000000100000000)
  eden space 1536K, 0% used [0x00000000eab00000,0x00000000eab00000,0x00000000eac80000)
  from space 512K, 68% used [0x00000000eae00000,0x00000000eae58020,0x00000000eae80000)
  to   space 512K, 0% used [0x00000000eae80000,0x00000000eae80000,0x00000000eaf00000)
 ParOldGen       total 325120K, used 324650K [0x00000000c0000000, 0x00000000d3d80000, 0x00000000eab00000)
  object space 325120K, 99% used [0x00000000c0000000,0x00000000d3d0abc8,0x00000000d3d80000)
 Metaspace       used 70651K, committed 72192K, reserved 1114112K
  class space    used 6925K, committed 7616K, reserved 1048576K
}
Event: 12389.721 GC heap before
{Heap before GC invocations=1397 (full 4):
 PSYoungGen      total 2048K, used 1888K [0x00000000eab00000, 0x00000000eaf00000, 0x0000000100000000)
  eden space 1536K, 100% used [0x00000000eab00000,0x00000000eac80000,0x00000000eac80000)
  from space 512K, 68% used [0x00000000eae00000,0x00000000eae58020,0x00000000eae80000)
  to   space 512K, 0% used [0x00000000eae80000,0x00000000eae80000,0x00000000eaf00000)
 ParOldGen       total 325120K, used 324650K [0x00000000c0000000, 0x00000000d3d80000, 0x00000000eab00000)
  object space 325120K, 99% used [0x00000000c0000000,0x00000000d3d0abc8,0x00000000d3d80000)
 Metaspace       used 70674K, committed 72256K, reserved 1114112K
  class space    used 6928K, committed 7616K, reserved 1048576K
}
Event: 12389.726 GC heap after
{Heap after GC invocations=1397 (full 4):
 PSYoungGen      total 2048K, used 352K [0x00000000eab00000, 0x00000000eaf00000, 0x0000000100000000)
  eden space 1536K, 0% used [0x00000000eab00000,0x00000000eab00000,0x00000000eac80000)
  from space 512K, 68% used [0x00000000eae80000,0x00000000eaed8000,0x00000000eaf00000)
  to   space 512K, 0% used [0x00000000eae00000,0x00000000eae00000,0x00000000eae80000)
 ParOldGen       total 325120K, used 324850K [0x00000000c0000000, 0x00000000d3d80000, 0x00000000eab00000)
  object space 325120K, 99% used [0x00000000c0000000,0x00000000d3d3cbc8,0x00000000d3d80000)
 Metaspace       used 70674K, committed 72256K, reserved 1114112K
  class space    used 6928K, committed 7616K, reserved 1048576K
}
Event: 12389.915 GC heap before
{Heap before GC invocations=1398 (full 4):
 PSYoungGen      total 2048K, used 1888K [0x00000000eab00000, 0x00000000eaf00000, 0x0000000100000000)
  eden space 1536K, 100% used [0x00000000eab00000,0x00000000eac80000,0x00000000eac80000)
  from space 512K, 68% used [0x00000000eae80000,0x00000000eaed8000,0x00000000eaf00000)
  to   space 512K, 0% used [0x00000000eae00000,0x00000000eae00000,0x00000000eae80000)
 ParOldGen       total 325120K, used 324850K [0x00000000c0000000, 0x00000000d3d80000, 0x00000000eab00000)
  object space 325120K, 99% used [0x00000000c0000000,0x00000000d3d3cbc8,0x00000000d3d80000)
 Metaspace       used 70677K, committed 72256K, reserved 1114112K
  class space    used 6928K, committed 7616K, reserved 1048576K
}
Event: 12389.920 GC heap after
{Heap after GC invocations=1398 (full 4):
 PSYoungGen      total 2048K, used 336K [0x00000000eab00000, 0x00000000eaf00000, 0x0000000100000000)
  eden space 1536K, 0% used [0x00000000eab00000,0x00000000eab00000,0x00000000eac80000)
  from space 512K, 65% used [0x00000000eae00000,0x00000000eae54010,0x00000000eae80000)
  to   space 512K, 0% used [0x00000000eae80000,0x00000000eae80000,0x00000000eaf00000)
 ParOldGen       total 325632K, used 325144K [0x00000000c0000000, 0x00000000d3e00000, 0x00000000eab00000)
  object space 325632K, 99% used [0x00000000c0000000,0x00000000d3d86110,0x00000000d3e00000)
 Metaspace       used 70677K, committed 72256K, reserved 1114112K
  class space    used 6928K, committed 7616K, reserved 1048576K
}
Event: 12390.202 GC heap before
{Heap before GC invocations=1399 (full 4):
 PSYoungGen      total 2048K, used 1872K [0x00000000eab00000, 0x00000000eaf00000, 0x0000000100000000)
  eden space 1536K, 100% used [0x00000000eab00000,0x00000000eac80000,0x00000000eac80000)
  from space 512K, 65% used [0x00000000eae00000,0x00000000eae54010,0x00000000eae80000)
  to   space 512K, 0% used [0x00000000eae80000,0x00000000eae80000,0x00000000eaf00000)
 ParOldGen       total 325632K, used 325144K [0x00000000c0000000, 0x00000000d3e00000, 0x00000000eab00000)
  object space 325632K, 99% used [0x00000000c0000000,0x00000000d3d86110,0x00000000d3e00000)
 Metaspace       used 70677K, committed 72256K, reserved 1114112K
  class space    used 6928K, committed 7616K, reserved 1048576K
}
Event: 12390.211 GC heap after
{Heap after GC invocations=1399 (full 4):
 PSYoungGen      total 2048K, used 506K [0x00000000eab00000, 0x00000000eaf00000, 0x0000000100000000)
  eden space 1536K, 0% used [0x00000000eab00000,0x00000000eab00000,0x00000000eac80000)
  from space 512K, 98% used [0x00000000eae80000,0x00000000eaefe810,0x00000000eaf00000)
  to   space 1024K, 0% used [0x00000000ead00000,0x00000000ead00000,0x00000000eae00000)
 ParOldGen       total 325632K, used 325488K [0x00000000c0000000, 0x00000000d3e00000, 0x00000000eab00000)
  object space 325632K, 99% used [0x00000000c0000000,0x00000000d3ddc130,0x00000000d3e00000)
 Metaspace       used 70677K, committed 72256K, reserved 1114112K
  class space    used 6928K, committed 7616K, reserved 1048576K
}
Event: 12390.280 GC heap before
{Heap before GC invocations=1400 (full 4):
 PSYoungGen      total 2048K, used 2042K [0x00000000eab00000, 0x00000000eaf00000, 0x0000000100000000)
  eden space 1536K, 100% used [0x00000000eab00000,0x00000000eac80000,0x00000000eac80000)
  from space 512K, 98% used [0x00000000eae80000,0x00000000eaefe810,0x00000000eaf00000)
  to   space 1024K, 0% used [0x00000000ead00000,0x00000000ead00000,0x00000000eae00000)
 ParOldGen       total 325632K, used 325488K [0x00000000c0000000, 0x00000000d3e00000, 0x00000000eab00000)
  object space 325632K, 99% used [0x00000000c0000000,0x00000000d3ddc130,0x00000000d3e00000)
 Metaspace       used 70678K, committed 72256K, reserved 1114112K
  class space    used 6928K, committed 7616K, reserved 1048576K
}
Event: 12390.285 GC heap after
{Heap after GC invocations=1400 (full 4):
 PSYoungGen      total 2560K, used 320K [0x00000000eab00000, 0x00000000eaf00000, 0x0000000100000000)
  eden space 1536K, 0% used [0x00000000eab00000,0x00000000eab00000,0x00000000eac80000)
  from space 1024K, 31% used [0x00000000ead00000,0x00000000ead50000,0x00000000eae00000)
  to   space 512K, 0% used [0x00000000eae80000,0x00000000eae80000,0x00000000eaf00000)
 ParOldGen       total 326144K, used 325872K [0x00000000c0000000, 0x00000000d3e80000, 0x00000000eab00000)
  object space 326144K, 99% used [0x00000000c0000000,0x00000000d3e3c150,0x00000000d3e80000)
 Metaspace       used 70678K, committed 72256K, reserved 1114112K
  class space    used 6928K, committed 7616K, reserved 1048576K
}
Event: 12390.500 GC heap before
{Heap before GC invocations=1401 (full 4):
 PSYoungGen      total 2560K, used 1856K [0x00000000eab00000, 0x00000000eaf00000, 0x0000000100000000)
  eden space 1536K, 100% used [0x00000000eab00000,0x00000000eac80000,0x00000000eac80000)
  from space 1024K, 31% used [0x00000000ead00000,0x00000000ead50000,0x00000000eae00000)
  to   space 512K, 0% used [0x00000000eae80000,0x00000000eae80000,0x00000000eaf00000)
 ParOldGen       total 326144K, used 325872K [0x00000000c0000000, 0x00000000d3e80000, 0x00000000eab00000)
  object space 326144K, 99% used [0x00000000c0000000,0x00000000d3e3c150,0x00000000d3e80000)
 Metaspace       used 70678K, committed 72256K, reserved 1114112K
  class space    used 6928K, committed 7616K, reserved 1048576K
}
Event: 12390.505 GC heap after
{Heap after GC invocations=1401 (full 4):
 PSYoungGen      total 2048K, used 343K [0x00000000eab00000, 0x00000000eaf00000, 0x0000000100000000)
  eden space 1536K, 0% used [0x00000000eab00000,0x00000000eab00000,0x00000000eac80000)
  from space 512K, 67% used [0x00000000eae80000,0x00000000eaed5dd0,0x00000000eaf00000)
  to   space 512K, 0% used [0x00000000eae00000,0x00000000eae00000,0x00000000eae80000)
 ParOldGen       total 326144K, used 326008K [0x00000000c0000000, 0x00000000d3e80000, 0x00000000eab00000)
  object space 326144K, 99% used [0x00000000c0000000,0x00000000d3e5e150,0x00000000d3e80000)
 Metaspace       used 70678K, committed 72256K, reserved 1114112K
  class space    used 6928K, committed 7616K, reserved 1048576K
}
Event: 12390.697 GC heap before
{Heap before GC invocations=1402 (full 4):
 PSYoungGen      total 2048K, used 1879K [0x00000000eab00000, 0x00000000eaf00000, 0x0000000100000000)
  eden space 1536K, 100% used [0x00000000eab00000,0x00000000eac80000,0x00000000eac80000)
  from space 512K, 67% used [0x00000000eae80000,0x00000000eaed5dd0,0x00000000eaf00000)
  to   space 512K, 0% used [0x00000000eae00000,0x00000000eae00000,0x00000000eae80000)
 ParOldGen       total 326144K, used 326008K [0x00000000c0000000, 0x00000000d3e80000, 0x00000000eab00000)
  object space 326144K, 99% used [0x00000000c0000000,0x00000000d3e5e150,0x00000000d3e80000)
 Metaspace       used 70702K, committed 72256K, reserved 1114112K
  class space    used 6928K, committed 7616K, reserved 1048576K
}
Event: 12390.702 GC heap after
{Heap after GC invocations=1402 (full 4):
 PSYoungGen      total 2048K, used 512K [0x00000000eab00000, 0x00000000eaf00000, 0x0000000100000000)
  eden space 1536K, 0% used [0x00000000eab00000,0x00000000eab00000,0x00000000eac80000)
  from space 512K, 100% used [0x00000000eae00000,0x00000000eae80000,0x00000000eae80000)
  to   space 512K, 0% used [0x00000000eae80000,0x00000000eae80000,0x00000000eaf00000)
 ParOldGen       total 326656K, used 326382K [0x00000000c0000000, 0x00000000d3f00000, 0x00000000eab00000)
  object space 326656K, 99% used [0x00000000c0000000,0x00000000d3ebb970,0x00000000d3f00000)
 Metaspace       used 70702K, committed 72256K, reserved 1114112K
  class space    used 6928K, committed 7616K, reserved 1048576K
}
Event: 12390.748 GC heap before
{Heap before GC invocations=1403 (full 4):
 PSYoungGen      total 2048K, used 2048K [0x00000000eab00000, 0x00000000eaf00000, 0x0000000100000000)
  eden space 1536K, 100% used [0x00000000eab00000,0x00000000eac80000,0x00000000eac80000)
  from space 512K, 100% used [0x00000000eae00000,0x00000000eae80000,0x00000000eae80000)
  to   space 512K, 0% used [0x00000000eae80000,0x00000000eae80000,0x00000000eaf00000)
 ParOldGen       total 326656K, used 326382K [0x00000000c0000000, 0x00000000d3f00000, 0x00000000eab00000)
  object space 326656K, 99% used [0x00000000c0000000,0x00000000d3ebb970,0x00000000d3f00000)
 Metaspace       used 70702K, committed 72256K, reserved 1114112K
  class space    used 6928K, committed 7616K, reserved 1048576K
}
Event: 12390.755 GC heap after
{Heap after GC invocations=1403 (full 4):
 PSYoungGen      total 2048K, used 352K [0x00000000eab00000, 0x00000000eaf00000, 0x0000000100000000)
  eden space 1536K, 0% used [0x00000000eab00000,0x00000000eab00000,0x00000000eac80000)
  from space 512K, 68% used [0x00000000eae80000,0x00000000eaed8000,0x00000000eaf00000)
  to   space 1024K, 0% used [0x00000000ead00000,0x00000000ead00000,0x00000000eae00000)
 ParOldGen       total 327168K, used 326850K [0x00000000c0000000, 0x00000000d3f80000, 0x00000000eab00000)
  object space 327168K, 99% used [0x00000000c0000000,0x00000000d3f30a30,0x00000000d3f80000)
 Metaspace       used 70702K, committed 72256K, reserved 1114112K
  class space    used 6928K, committed 7616K, reserved 1048576K
}

