# JRE version: Java(TM) SE Runtime Environment (21.0.6+8) (build 21.0.6+8-LTS-188)
# Java VM: Java HotSpot(TM) 64-Bit Server VM (21.0.6+8-LTS-188, mixed mode, emulated-client, sharing, tiered, compressed oops, compressed class ptrs, g1 gc, windows-amd64)
GC Precious Log:
 CardTable entry size: 512
 Card Set container configuration: InlinePtr #cards 5 size 8 Array Of Cards #cards 12 size 40 Howl #buckets 4 coarsen threshold 1843 Howl Bitmap #cards 512 size 80 coarsen threshold 460 Card regions per heap region 1 cards per card region 2048
 CPUs: 4 total, 4 available
 Memory: 7558M
 Large Page Support: Disabled
 NUMA Support: Disabled
 Compressed Oops: Enabled (32-bit)
 Heap Region Size: 1M
 Heap Min Capacity: 8M
 Heap Initial Capacity: 120M
 Heap Max Capacity: 1890M
 Pre-touch: Disabled
 Parallel Workers: 4
 Concurrent Workers: 1
 Concurrent Refinement Workers: 4
 Periodic GC: Disabled
Heap:
 garbage-first heap   total 75776K, used 58297K [0x0000000089e00000, 0x0000000100000000)
  region size 1024K, 22 young (22528K), 3 survivors (3072K)
 Metaspace       used 75274K, committed 76096K, reserved 1114112K
  class space    used 10964K, committed 11328K, reserved 1048576K
GC Heap History (20 events):
Event: 14.104 GC heap before
{Heap before GC invocations=13 (full 0):
 garbage-first heap   total 61440K, used 52368K [0x0000000089e00000, 0x0000000100000000)
  region size 1024K, 28 young (28672K), 4 survivors (4096K)
 Metaspace       used 44707K, committed 45312K, reserved 1114112K
  class space    used 6189K, committed 6464K, reserved 1048576K
}
Event: 14.111 GC heap after
{Heap after GC invocations=14 (full 0):
 garbage-first heap   total 61440K, used 30372K [0x0000000089e00000, 0x0000000100000000)
  region size 1024K, 3 young (3072K), 3 survivors (3072K)
 Metaspace       used 44707K, committed 45312K, reserved 1114112K
  class space    used 6189K, committed 6464K, reserved 1048576K
}
Event: 15.410 GC heap before
{Heap before GC invocations=14 (full 0):
 garbage-first heap   total 61440K, used 53924K [0x0000000089e00000, 0x0000000100000000)
  region size 1024K, 27 young (27648K), 3 survivors (3072K)
 Metaspace       used 51330K, committed 52032K, reserved 1114112K
  class space    used 7127K, committed 7424K, reserved 1048576K
}
Event: 15.417 GC heap after
{Heap after GC invocations=15 (full 0):
 garbage-first heap   total 61440K, used 31640K [0x0000000089e00000, 0x0000000100000000)
  region size 1024K, 3 young (3072K), 3 survivors (3072K)
 Metaspace       used 51330K, committed 52032K, reserved 1114112K
  class space    used 7127K, committed 7424K, reserved 1048576K
}
Event: 16.262 GC heap before
{Heap before GC invocations=15 (full 0):
 garbage-first heap   total 61440K, used 53144K [0x0000000089e00000, 0x0000000100000000)
  region size 1024K, 25 young (25600K), 3 survivors (3072K)
 Metaspace       used 55429K, committed 56192K, reserved 1114112K
  class space    used 7629K, committed 8000K, reserved 1048576K
}
Event: 16.269 GC heap after
{Heap after GC invocations=16 (full 0):
 garbage-first heap   total 61440K, used 33365K [0x0000000089e00000, 0x0000000100000000)
  region size 1024K, 3 young (3072K), 3 survivors (3072K)
 Metaspace       used 55429K, committed 56192K, reserved 1114112K
  class space    used 7629K, committed 8000K, reserved 1048576K
}
Event: 17.065 GC heap before
{Heap before GC invocations=17 (full 0):
 garbage-first heap   total 61440K, used 53845K [0x0000000089e00000, 0x0000000100000000)
  region size 1024K, 24 young (24576K), 3 survivors (3072K)
 Metaspace       used 61425K, committed 62208K, reserved 1114112K
  class space    used 8693K, committed 9024K, reserved 1048576K
}
Event: 17.071 GC heap after
{Heap after GC invocations=18 (full 0):
 garbage-first heap   total 61440K, used 34193K [0x0000000089e00000, 0x0000000100000000)
  region size 1024K, 3 young (3072K), 3 survivors (3072K)
 Metaspace       used 61425K, committed 62208K, reserved 1114112K
  class space    used 8693K, committed 9024K, reserved 1048576K
}
Event: 17.554 GC heap before
{Heap before GC invocations=18 (full 0):
 garbage-first heap   total 61440K, used 54673K [0x0000000089e00000, 0x0000000100000000)
  region size 1024K, 23 young (23552K), 3 survivors (3072K)
 Metaspace       used 63954K, committed 64768K, reserved 1114112K
  class space    used 9086K, committed 9472K, reserved 1048576K
}
Event: 17.560 GC heap after
{Heap after GC invocations=19 (full 0):
 garbage-first heap   total 61440K, used 34427K [0x0000000089e00000, 0x0000000100000000)
  region size 1024K, 2 young (2048K), 2 survivors (2048K)
 Metaspace       used 63954K, committed 64768K, reserved 1114112K
  class space    used 9086K, committed 9472K, reserved 1048576K
}
Event: 21.894 GC heap before
{Heap before GC invocations=19 (full 0):
 garbage-first heap   total 61440K, used 55931K [0x0000000089e00000, 0x0000000100000000)
  region size 1024K, 23 young (23552K), 2 survivors (2048K)
 Metaspace       used 66509K, committed 67264K, reserved 1114112K
  class space    used 9426K, committed 9792K, reserved 1048576K
}
Event: 21.900 GC heap after
{Heap after GC invocations=20 (full 0):
 garbage-first heap   total 61440K, used 36091K [0x0000000089e00000, 0x0000000100000000)
  region size 1024K, 3 young (3072K), 3 survivors (3072K)
 Metaspace       used 66509K, committed 67264K, reserved 1114112K
  class space    used 9426K, committed 9792K, reserved 1048576K
}
Event: 22.576 GC heap before
{Heap before GC invocations=21 (full 0):
 garbage-first heap   total 66560K, used 53499K [0x0000000089e00000, 0x0000000100000000)
  region size 1024K, 20 young (20480K), 3 survivors (3072K)
 Metaspace       used 69317K, committed 70144K, reserved 1114112K
  class space    used 9851K, committed 10240K, reserved 1048576K
}
Event: 22.583 GC heap after
{Heap after GC invocations=22 (full 0):
 garbage-first heap   total 66560K, used 37697K [0x0000000089e00000, 0x0000000100000000)
  region size 1024K, 3 young (3072K), 3 survivors (3072K)
 Metaspace       used 69317K, committed 70144K, reserved 1114112K
  class space    used 9851K, committed 10240K, reserved 1048576K
}
Event: 23.072 GC heap before
{Heap before GC invocations=22 (full 0):
 garbage-first heap   total 66560K, used 59201K [0x0000000089e00000, 0x0000000100000000)
  region size 1024K, 24 young (24576K), 3 survivors (3072K)
 Metaspace       used 70440K, committed 71232K, reserved 1114112K
  class space    used 10027K, committed 10368K, reserved 1048576K
}
Event: 23.083 GC heap after
{Heap after GC invocations=23 (full 0):
 garbage-first heap   total 66560K, used 38180K [0x0000000089e00000, 0x0000000100000000)
  region size 1024K, 3 young (3072K), 3 survivors (3072K)
 Metaspace       used 70440K, committed 71232K, reserved 1114112K
  class space    used 10027K, committed 10368K, reserved 1048576K
}
Event: 23.816 GC heap before
{Heap before GC invocations=23 (full 0):
 garbage-first heap   total 66560K, used 58660K [0x0000000089e00000, 0x0000000100000000)
  region size 1024K, 23 young (23552K), 3 survivors (3072K)
 Metaspace       used 72243K, committed 73024K, reserved 1114112K
  class space    used 10415K, committed 10752K, reserved 1048576K
}
Event: 23.824 GC heap after
{Heap after GC invocations=24 (full 0):
 garbage-first heap   total 66560K, used 39547K [0x0000000089e00000, 0x0000000100000000)
  region size 1024K, 3 young (3072K), 3 survivors (3072K)
 Metaspace       used 72243K, committed 73024K, reserved 1114112K
  class space    used 10415K, committed 10752K, reserved 1048576K
}
Event: 24.984 GC heap before
{Heap before GC invocations=25 (full 0):
 garbage-first heap   total 75776K, used 56955K [0x0000000089e00000, 0x0000000100000000)
  region size 1024K, 20 young (20480K), 3 survivors (3072K)
 Metaspace       used 73950K, committed 74752K, reserved 1114112K
  class space    used 10788K, committed 11136K, reserved 1048576K
}
Event: 24.991 GC heap after
{Heap after GC invocations=26 (full 0):
 garbage-first heap   total 75776K, used 40889K [0x0000000089e00000, 0x0000000100000000)
  region size 1024K, 3 young (3072K), 3 survivors (3072K)
 Metaspace       used 73950K, committed 74752K, reserved 1114112K
  class space    used 10788K, committed 11136K, reserved 1048576K
}

