# JRE version: Java(TM) SE Runtime Environment (21.0.6+8) (build 21.0.6+8-LTS-188)
# Java VM: Java HotSpot(TM) 64-Bit Server VM (21.0.6+8-LTS-188, mixed mode, emulated-client, sharing, tiered, compressed oops, compressed class ptrs, g1 gc, windows-amd64)
GC Precious Log:
 CardTable entry size: 512
 Card Set container configuration: InlinePtr #cards 5 size 8 Array Of Cards #cards 12 size 40 Howl #buckets 4 coarsen threshold 1843 Howl Bitmap #cards 512 size 80 coarsen threshold 460 Card regions per heap region 1 cards per card region 2048
 CPUs: 4 total, 4 available
 Memory: 7558M
 Large Page Support: Disabled
 NUMA Support: Disabled
 Compressed Oops: Enabled (32-bit)
 Heap Region Size: 1M
 Heap Min Capacity: 8M
 Heap Initial Capacity: 120M
 Heap Max Capacity: 1890M
 Pre-touch: Disabled
 Parallel Workers: 4
 Concurrent Workers: 1
 Concurrent Refinement Workers: 4
 Periodic GC: Disabled
Heap:
 garbage-first heap   total 293888K, used 207872K [0x0000000089e00000, 0x0000000100000000)
  region size 1024K, 79 young (80896K), 3 survivors (3072K)
 Metaspace       used 80555K, committed 81408K, reserved 1179648K
  class space    used 11722K, committed 12096K, reserved 1048576K
GC Heap History (20 events):
Event: 20.344 GC heap after
{Heap after GC invocations=27 (full 0):
 garbage-first heap   total 76800K, used 45088K [0x0000000089e00000, 0x0000000100000000)
  region size 1024K, 3 young (3072K), 3 survivors (3072K)
 Metaspace       used 77728K, committed 78592K, reserved 1179648K
  class space    used 11301K, committed 11712K, reserved 1048576K
}
Event: 20.889 GC heap before
{Heap before GC invocations=28 (full 0):
 garbage-first heap   total 86016K, used 66592K [0x0000000089e00000, 0x0000000100000000)
  region size 1024K, 25 young (25600K), 3 survivors (3072K)
 Metaspace       used 79426K, committed 80256K, reserved 1179648K
  class space    used 11522K, committed 11904K, reserved 1048576K
}
Event: 20.894 GC heap after
{Heap after GC invocations=29 (full 0):
 garbage-first heap   total 86016K, used 45441K [0x0000000089e00000, 0x0000000100000000)
  region size 1024K, 2 young (2048K), 2 survivors (2048K)
 Metaspace       used 79426K, committed 80256K, reserved 1179648K
  class space    used 11522K, committed 11904K, reserved 1048576K
}
Event: 21.414 GC heap before
{Heap before GC invocations=29 (full 0):
 garbage-first heap   total 86016K, used 77185K [0x0000000089e00000, 0x0000000100000000)
  region size 1024K, 33 young (33792K), 2 survivors (2048K)
 Metaspace       used 79931K, committed 80768K, reserved 1179648K
  class space    used 11593K, committed 11968K, reserved 1048576K
}
Event: 21.424 GC heap after
{Heap after GC invocations=30 (full 0):
 garbage-first heap   total 86016K, used 49674K [0x0000000089e00000, 0x0000000100000000)
  region size 1024K, 5 young (5120K), 5 survivors (5120K)
 Metaspace       used 79931K, committed 80768K, reserved 1179648K
  class space    used 11593K, committed 11968K, reserved 1048576K
}
Event: 21.535 GC heap before
{Heap before GC invocations=30 (full 0):
 garbage-first heap   total 86016K, used 75274K [0x0000000089e00000, 0x0000000100000000)
  region size 1024K, 30 young (30720K), 5 survivors (5120K)
 Metaspace       used 79934K, committed 80832K, reserved 1179648K
  class space    used 11593K, committed 11968K, reserved 1048576K
}
Event: 21.546 GC heap after
{Heap after GC invocations=31 (full 0):
 garbage-first heap   total 103424K, used 52258K [0x0000000089e00000, 0x0000000100000000)
  region size 1024K, 3 young (3072K), 3 survivors (3072K)
 Metaspace       used 79934K, committed 80832K, reserved 1179648K
  class space    used 11593K, committed 11968K, reserved 1048576K
}
Event: 21.837 GC heap before
{Heap before GC invocations=32 (full 0):
 garbage-first heap   total 122880K, used 91170K [0x0000000089e00000, 0x0000000100000000)
  region size 1024K, 41 young (41984K), 3 survivors (3072K)
 Metaspace       used 80120K, committed 81024K, reserved 1179648K
  class space    used 11678K, committed 12096K, reserved 1048576K
}
Event: 21.843 GC heap after
{Heap after GC invocations=33 (full 0):
 garbage-first heap   total 122880K, used 54911K [0x0000000089e00000, 0x0000000100000000)
  region size 1024K, 5 young (5120K), 5 survivors (5120K)
 Metaspace       used 80120K, committed 81024K, reserved 1179648K
  class space    used 11678K, committed 12096K, reserved 1048576K
}
Event: 22.091 GC heap before
{Heap before GC invocations=33 (full 0):
 garbage-first heap   total 122880K, used 111231K [0x0000000089e00000, 0x0000000100000000)
  region size 1024K, 59 young (60416K), 5 survivors (5120K)
 Metaspace       used 80120K, committed 81024K, reserved 1179648K
  class space    used 11678K, committed 12096K, reserved 1048576K
}
Event: 22.127 GC heap after
{Heap after GC invocations=34 (full 0):
 garbage-first heap   total 138240K, used 75776K [0x0000000089e00000, 0x0000000100000000)
  region size 1024K, 8 young (8192K), 8 survivors (8192K)
 Metaspace       used 80120K, committed 81024K, reserved 1179648K
  class space    used 11678K, committed 12096K, reserved 1048576K
}
Event: 22.251 GC heap before
{Heap before GC invocations=34 (full 0):
 garbage-first heap   total 138240K, used 114688K [0x0000000089e00000, 0x0000000100000000)
  region size 1024K, 46 young (47104K), 8 survivors (8192K)
 Metaspace       used 80120K, committed 81024K, reserved 1179648K
  class space    used 11678K, committed 12096K, reserved 1048576K
}
Event: 22.279 GC heap after
{Heap after GC invocations=35 (full 0):
 garbage-first heap   total 140288K, used 92672K [0x0000000089e00000, 0x0000000100000000)
  region size 1024K, 6 young (6144K), 6 survivors (6144K)
 Metaspace       used 80120K, committed 81024K, reserved 1179648K
  class space    used 11678K, committed 12096K, reserved 1048576K
}
Event: 22.415 GC heap before
{Heap before GC invocations=35 (full 0):
 garbage-first heap   total 140288K, used 120320K [0x0000000089e00000, 0x0000000100000000)
  region size 1024K, 32 young (32768K), 6 survivors (6144K)
 Metaspace       used 80120K, committed 81024K, reserved 1179648K
  class space    used 11678K, committed 12096K, reserved 1048576K
}
Event: 22.437 GC heap after
{Heap after GC invocations=36 (full 0):
 garbage-first heap   total 140288K, used 104448K [0x0000000089e00000, 0x0000000100000000)
  region size 1024K, 4 young (4096K), 4 survivors (4096K)
 Metaspace       used 80120K, committed 81024K, reserved 1179648K
  class space    used 11678K, committed 12096K, reserved 1048576K
}
Event: 22.506 GC heap before
{Heap before GC invocations=36 (full 0):
 garbage-first heap   total 140288K, used 122880K [0x0000000089e00000, 0x0000000100000000)
  region size 1024K, 22 young (22528K), 4 survivors (4096K)
 Metaspace       used 80120K, committed 81024K, reserved 1179648K
  class space    used 11678K, committed 12096K, reserved 1048576K
}
Event: 22.524 GC heap after
{Heap after GC invocations=37 (full 0):
 garbage-first heap   total 293888K, used 112640K [0x0000000089e00000, 0x0000000100000000)
  region size 1024K, 3 young (3072K), 3 survivors (3072K)
 Metaspace       used 80120K, committed 81024K, reserved 1179648K
  class space    used 11678K, committed 12096K, reserved 1048576K
}
Event: 23.155 GC heap before
{Heap before GC invocations=38 (full 0):
 garbage-first heap   total 293888K, used 194560K [0x0000000089e00000, 0x0000000100000000)
  region size 1024K, 83 young (84992K), 3 survivors (3072K)
 Metaspace       used 80553K, committed 81408K, reserved 1179648K
  class space    used 11722K, committed 12096K, reserved 1048576K
}
Event: 23.187 GC heap after
{Heap after GC invocations=39 (full 0):
 garbage-first heap   total 293888K, used 130048K [0x0000000089e00000, 0x0000000100000000)
  region size 1024K, 11 young (11264K), 11 survivors (11264K)
 Metaspace       used 80553K, committed 81408K, reserved 1179648K
  class space    used 11722K, committed 12096K, reserved 1048576K
}
Event: 23.522 GC heap before
{Heap before GC invocations=39 (full 0):
 garbage-first heap   total 293888K, used 207872K [0x0000000089e00000, 0x0000000100000000)
  region size 1024K, 87 young (89088K), 11 survivors (11264K)
 Metaspace       used 80555K, committed 81408K, reserved 1179648K
  class space    used 11722K, committed 12096K, reserved 1048576K
}

